2018-11-09 20:38:54 INFO ContextLoader:304 - Root WebApplicationContext: initialization started
2018-11-09 20:38:54 INFO XmlWebApplicationContext:583 - Refreshing Root WebApplicationContext: startup date [Fri Nov 09 20:38:54 IST 2018]; root of context hierarchy
2018-11-09 20:38:54 INFO XmlBeanDefinitionReader:317 - Loading XML bean definitions from ServletContext resource [/WEB-INF/spring/root-context.xml]
2018-11-09 20:38:54 INFO DriverManagerDataSource:133 - Loaded JDBC driver: com.mysql.jdbc.Driver
2018-11-09 20:38:54 INFO ContextLoader:344 - Root WebApplicationContext: initialization completed in 360 ms
2018-11-09 20:38:54 INFO DispatcherServlet:489 - FrameworkServlet 'SpringFrontController': initialization started
2018-11-09 20:38:54 INFO XmlWebApplicationContext:583 - Refreshing WebApplicationContext for namespace 'SpringFrontController-servlet': startup date [Fri Nov 09 20:38:54 IST 2018]; parent: Root WebApplicationContext
2018-11-09 20:38:54 INFO XmlBeanDefinitionReader:317 - Loading XML bean definitions from ServletContext resource [/WEB-INF/spring/web-context.xml]
2018-11-09 20:38:54 INFO RequestMappingHandlerMapping:543 - Mapped "{[/ || /home]}" onto public java.lang.String com.tadigital.controllers.LinkController.reloadHome()
2018-11-09 20:38:54 INFO RequestMappingHandlerMapping:543 - Mapped "{[/login],methods=[POST]}" onto public java.lang.String com.tadigital.controllers.LoginController.loginTask(com.tadigital.entity.Vendor,javax.servlet.http.HttpServletRequest)
2018-11-09 20:38:54 INFO RequestMappingHandlerMapping:543 - Mapped "{[/login],methods=[GET]}" onto public java.lang.String com.tadigital.controllers.LoginController.loadLoginForm()
2018-11-09 20:38:54 INFO RequestMappingHandlerMapping:543 - Mapped "{[/register],methods=[POST]}" onto public java.lang.String com.tadigital.controllers.RegisterController.registerTask(com.tadigital.entity.Vendor,javax.servlet.http.HttpServletRequest)
2018-11-09 20:38:54 INFO RequestMappingHandlerMapping:543 - Mapped "{[/register],methods=[GET]}" onto public java.lang.String com.tadigital.controllers.RegisterController.loadRegisterForm()
2018-11-09 20:38:54 INFO RequestMappingHandlerMapping:543 - Mapped "{[/delete{vid}]}" onto public java.lang.String com.tadigital.controllers.VendorListController.deleteVendor(int,javax.servlet.http.HttpSession)
2018-11-09 20:38:54 INFO RequestMappingHandlerMapping:543 - Mapped "{[/edit{vid}]}" onto public java.lang.String com.tadigital.controllers.VendorListController.editVendor(int,javax.servlet.http.HttpSession)
2018-11-09 20:38:54 INFO RequestMappingHandlerMapping:543 - Mapped "{[/updateVendor]}" onto public java.lang.String com.tadigital.controllers.VendorListController.updateVendor(javax.servlet.http.HttpServletRequest,javax.servlet.http.HttpSession)
2018-11-09 20:38:54 INFO RequestMappingHandlerMapping:543 - Mapped "{[/vendorlist]}" onto public java.lang.String com.tadigital.controllers.VendorListController.loadVendorList(javax.servlet.http.HttpSession)
2018-11-09 20:38:54 INFO RequestMappingHandlerAdapter:556 - Looking for @ControllerAdvice: WebApplicationContext for namespace 'SpringFrontController-servlet': startup date [Fri Nov 09 20:38:54 IST 2018]; parent: Root WebApplicationContext
2018-11-09 20:38:55 INFO RequestMappingHandlerAdapter:556 - Looking for @ControllerAdvice: WebApplicationContext for namespace 'SpringFrontController-servlet': startup date [Fri Nov 09 20:38:54 IST 2018]; parent: Root WebApplicationContext
2018-11-09 20:38:55 INFO SimpleUrlHandlerMapping:362 - Mapped URL path [/csss/**] onto handler 'org.springframework.web.servlet.resource.ResourceHttpRequestHandler#0'
2018-11-09 20:38:55 INFO SimpleUrlHandlerMapping:362 - Mapped URL path [/jss/**] onto handler 'org.springframework.web.servlet.resource.ResourceHttpRequestHandler#1'
2018-11-09 20:38:55 INFO SimpleUrlHandlerMapping:362 - Mapped URL path [/html/**] onto handler 'org.springframework.web.servlet.resource.ResourceHttpRequestHandler#2'
2018-11-09 20:38:55 INFO XmlBeanDefinitionReader:317 - Loading XML bean definitions from ServletContext resource [/WEB-INF/spring/views.xml]
2018-11-09 20:38:55 INFO GenericWebApplicationContext:583 - Refreshing org.springframework.web.context.support.GenericWebApplicationContext@7a1a3478: startup date [Fri Nov 09 20:38:55 IST 2018]; parent: WebApplicationContext for namespace 'SpringFrontController-servlet'
2018-11-09 20:38:55 INFO DispatcherServlet:508 - FrameworkServlet 'SpringFrontController': initialization completed in 496 ms
2018-11-09 20:39:01 INFO LoggerAspect:15 - getVendors execution started
2018-11-09 20:39:01 INFO LoggerAspect:15 - getVendors execution started
2018-11-09 20:39:01 INFO LoggerAspect:17 - getVendors execution finished with return value [com.tadigital.entity.Vendor@1c13b5ab, com.tadigital.entity.Vendor@64a07ea8, com.tadigital.entity.Vendor@24063b59, com.tadigital.entity.Vendor@1aaa29fc, com.tadigital.entity.Vendor@1b9569ef, com.tadigital.entity.Vendor@7ca7010b, com.tadigital.entity.Vendor@696e2135, com.tadigital.entity.Vendor@2240002d, com.tadigital.entity.Vendor@122adf9b, com.tadigital.entity.Vendor@56c12b8c, com.tadigital.entity.Vendor@4ebecfe8, com.tadigital.entity.Vendor@6c5def7a, com.tadigital.entity.Vendor@28cf236d, com.tadigital.entity.Vendor@770de0b3, com.tadigital.entity.Vendor@4f74b035, com.tadigital.entity.Vendor@4c51a09e, com.tadigital.entity.Vendor@1d543632, com.tadigital.entity.Vendor@5c45553, com.tadigital.entity.Vendor@6fdbb8c6, com.tadigital.entity.Vendor@2e4fa0f3, com.tadigital.entity.Vendor@1296e6ae, com.tadigital.entity.Vendor@35df4762]
2018-11-09 20:39:01 INFO LoggerAspect:17 - getVendors execution finished with return value [com.tadigital.entity.Vendor@1c13b5ab, com.tadigital.entity.Vendor@64a07ea8, com.tadigital.entity.Vendor@24063b59, com.tadigital.entity.Vendor@1aaa29fc, com.tadigital.entity.Vendor@1b9569ef, com.tadigital.entity.Vendor@7ca7010b, com.tadigital.entity.Vendor@696e2135, com.tadigital.entity.Vendor@2240002d, com.tadigital.entity.Vendor@122adf9b, com.tadigital.entity.Vendor@56c12b8c, com.tadigital.entity.Vendor@4ebecfe8, com.tadigital.entity.Vendor@6c5def7a, com.tadigital.entity.Vendor@28cf236d, com.tadigital.entity.Vendor@770de0b3, com.tadigital.entity.Vendor@4f74b035, com.tadigital.entity.Vendor@4c51a09e, com.tadigital.entity.Vendor@1d543632, com.tadigital.entity.Vendor@5c45553, com.tadigital.entity.Vendor@6fdbb8c6, com.tadigital.entity.Vendor@2e4fa0f3, com.tadigital.entity.Vendor@1296e6ae, com.tadigital.entity.Vendor@35df4762]
